0 info it worked if it ends with ok
1 verbose cli [ '/usr/local/bin/node',
1 verbose cli   '/usr/local/bin/npm',
1 verbose cli   'install',
1 verbose cli   '-g',
1 verbose cli   'ios-deploy' ]
2 info using npm@2.14.7
3 info using node@v5.10.1
4 verbose install initial load of /usr/local/lib/package.json
5 verbose readDependencies loading dependencies from /usr/local/lib/package.json
6 silly cache add args [ 'ios-deploy', null ]
7 verbose cache add spec ios-deploy
8 silly cache add parsed spec Result {
8 silly cache add   raw: 'ios-deploy',
8 silly cache add   scope: null,
8 silly cache add   name: 'ios-deploy',
8 silly cache add   rawSpec: '',
8 silly cache add   spec: '*',
8 silly cache add   type: 'range' }
9 silly addNamed ios-deploy@*
10 verbose addNamed "*" is a valid semver range for ios-deploy
11 silly addNameRange { name: 'ios-deploy', range: '*', hasData: false }
12 silly mapToRegistry name ios-deploy
13 silly mapToRegistry using default registry
14 silly mapToRegistry registry https://registry.npmjs.org/
15 silly mapToRegistry uri https://registry.npmjs.org/ios-deploy
16 verbose addNameRange registry:https://registry.npmjs.org/ios-deploy not in flight; fetching
17 verbose request uri https://registry.npmjs.org/ios-deploy
18 verbose request no auth needed
19 info attempt registry request try #1 at 6:38:58 PM
20 verbose request id 44dd12f88052238e
21 http request GET https://registry.npmjs.org/ios-deploy
22 http 200 https://registry.npmjs.org/ios-deploy
23 verbose headers { server: 'CouchDB/1.5.0 (Erlang OTP/R16B03)',
23 verbose headers   etag: '"5ALDUQ1GLDBEYMDJK8RUMV18V"',
23 verbose headers   'content-type': 'application/json',
23 verbose headers   'content-encoding': 'gzip',
23 verbose headers   'cache-control': 'max-age=300',
23 verbose headers   'content-length': '6873',
23 verbose headers   'accept-ranges': 'bytes',
23 verbose headers   date: 'Tue, 17 May 2016 22:38:58 GMT',
23 verbose headers   via: '1.1 varnish',
23 verbose headers   age: '0',
23 verbose headers   connection: 'keep-alive',
23 verbose headers   'x-served-by': 'cache-atl6237-ATL',
23 verbose headers   'x-cache': 'HIT',
23 verbose headers   'x-cache-hits': '1',
23 verbose headers   'x-timer': 'S1463524738.354696,VS0,VE99',
23 verbose headers   vary: 'Accept-Encoding' }
24 silly get cb [ 200,
24 silly get   { server: 'CouchDB/1.5.0 (Erlang OTP/R16B03)',
24 silly get     etag: '"5ALDUQ1GLDBEYMDJK8RUMV18V"',
24 silly get     'content-type': 'application/json',
24 silly get     'content-encoding': 'gzip',
24 silly get     'cache-control': 'max-age=300',
24 silly get     'content-length': '6873',
24 silly get     'accept-ranges': 'bytes',
24 silly get     date: 'Tue, 17 May 2016 22:38:58 GMT',
24 silly get     via: '1.1 varnish',
24 silly get     age: '0',
24 silly get     connection: 'keep-alive',
24 silly get     'x-served-by': 'cache-atl6237-ATL',
24 silly get     'x-cache': 'HIT',
24 silly get     'x-cache-hits': '1',
24 silly get     'x-timer': 'S1463524738.354696,VS0,VE99',
24 silly get     vary: 'Accept-Encoding' } ]
25 verbose get saving ios-deploy to /Users/rebeccacaudle1/.npm/registry.npmjs.org/ios-deploy/.cache.json
26 silly addNameRange number 2 { name: 'ios-deploy', range: '*', hasData: true }
27 silly addNameRange versions [ 'ios-deploy',
27 silly addNameRange   [ '1.0.1',
27 silly addNameRange     '1.0.2',
27 silly addNameRange     '1.0.3',
27 silly addNameRange     '1.0.4',
27 silly addNameRange     '1.0.5',
27 silly addNameRange     '1.0.6',
27 silly addNameRange     '1.0.7',
27 silly addNameRange     '1.0.8',
27 silly addNameRange     '1.0.9',
27 silly addNameRange     '1.1.0',
27 silly addNameRange     '1.2.0',
27 silly addNameRange     '1.3.0',
27 silly addNameRange     '1.3.1',
27 silly addNameRange     '1.3.2',
27 silly addNameRange     '1.4.0',
27 silly addNameRange     '1.5.0',
27 silly addNameRange     '1.6.0',
27 silly addNameRange     '1.6.1',
27 silly addNameRange     '1.6.2',
27 silly addNameRange     '1.6.3',
27 silly addNameRange     '1.7.0',
27 silly addNameRange     '1.8.0',
27 silly addNameRange     '1.8.1',
27 silly addNameRange     '1.8.2',
27 silly addNameRange     '1.8.3',
27 silly addNameRange     '1.8.4',
27 silly addNameRange     '1.8.5',
27 silly addNameRange     '1.8.6' ] ]
28 silly addNamed ios-deploy@1.8.6
29 verbose addNamed "1.8.6" is a plain semver version for ios-deploy
30 silly mapToRegistry name ios-deploy
31 silly mapToRegistry using default registry
32 silly mapToRegistry registry https://registry.npmjs.org/
33 silly mapToRegistry uri https://registry.npmjs.org/ios-deploy
34 verbose addRemoteTarball https://registry.npmjs.org/ios-deploy/-/ios-deploy-1.8.6.tgz not in flight; adding
35 verbose addRemoteTarball [ 'https://registry.npmjs.org/ios-deploy/-/ios-deploy-1.8.6.tgz',
35 verbose addRemoteTarball   'abb0b5132e7e6c89d1f521ba7c81c44eec54d4f5' ]
36 info retry fetch attempt 1 at 6:38:58 PM
37 info attempt registry request try #1 at 6:38:58 PM
38 http fetch GET https://registry.npmjs.org/ios-deploy/-/ios-deploy-1.8.6.tgz
39 http fetch 200 https://registry.npmjs.org/ios-deploy/-/ios-deploy-1.8.6.tgz
40 silly fetchAndShaCheck shasum abb0b5132e7e6c89d1f521ba7c81c44eec54d4f5
41 verbose addTmpTarball /var/folders/4s/9gh4w0ks1713rkdnqtgfv85h0000gp/T/npm-12061-1508b099/registry.npmjs.org/ios-deploy/-/ios-deploy-1.8.6.tgz not in flight; adding
42 verbose addTmpTarball already have metadata; skipping unpack for ios-deploy@1.8.6
43 silly cache afterAdd ios-deploy@1.8.6
44 verbose afterAdd /Users/rebeccacaudle1/.npm/ios-deploy/1.8.6/package/package.json not in flight; writing
45 verbose afterAdd /Users/rebeccacaudle1/.npm/ios-deploy/1.8.6/package/package.json written
46 silly install resolved [ { name: 'ios-deploy',
46 silly install resolved     version: '1.8.6',
46 silly install resolved     os: [ 'darwin' ],
46 silly install resolved     description: 'launch iOS apps iOS devices from the command line (Xcode 7)',
46 silly install resolved     main: 'ios-deploy',
46 silly install resolved     scripts:
46 silly install resolved      { preinstall: './src/scripts/check_reqs.js && xcodebuild',
46 silly install resolved        test: 'npm run pycompile && npm run jshint && xcodebuild -target ios-deploy-lib && xcodebuild test -scheme ios-deploy-tests',
46 silly install resolved        jshint: 'node node_modules/jshint/bin/jshint src/scripts/*.js',
46 silly install resolved        pycompile: 'python -m py_compile src/scripts/*.py' },
46 silly install resolved     bin: { 'ios-deploy': './build/Release/ios-deploy' },
46 silly install resolved     repository:
46 silly install resolved      { type: 'git',
46 silly install resolved        url: 'git+https://github.com/phonegap/ios-deploy.git' },
46 silly install resolved     devDependencies: { jshint: '2.5.8' },
46 silly install resolved     keywords: [ 'ios-deploy', 'deploy to iOS device' ],
46 silly install resolved     bugs: { url: 'https://github.com/phonegap/ios-deploy/issues' },
46 silly install resolved     author: { name: 'Greg Hughes' },
46 silly install resolved     license: 'GPLv3',
46 silly install resolved     gitHead: 'd7cccae1ade60378ce1134f496b68eeac53eb860',
46 silly install resolved     homepage: 'https://github.com/phonegap/ios-deploy#readme',
46 silly install resolved     _id: 'ios-deploy@1.8.6',
46 silly install resolved     _shasum: 'abb0b5132e7e6c89d1f521ba7c81c44eec54d4f5',
46 silly install resolved     _from: 'ios-deploy@*',
46 silly install resolved     _npmVersion: '2.14.7',
46 silly install resolved     _nodeVersion: '4.2.2',
46 silly install resolved     _npmUser: { name: 'shazron', email: 'shazron@gmail.com' },
46 silly install resolved     maintainers: [ [Object], [Object], [Object] ],
46 silly install resolved     dist:
46 silly install resolved      { shasum: 'abb0b5132e7e6c89d1f521ba7c81c44eec54d4f5',
46 silly install resolved        tarball: 'https://registry.npmjs.org/ios-deploy/-/ios-deploy-1.8.6.tgz' },
46 silly install resolved     _npmOperationalInternal:
46 silly install resolved      { host: 'packages-16-east.internal.npmjs.com',
46 silly install resolved        tmp: 'tmp/ios-deploy-1.8.6.tgz_1460409336359_0.34613347332924604' },
46 silly install resolved     directories: {},
46 silly install resolved     _resolved: 'https://registry.npmjs.org/ios-deploy/-/ios-deploy-1.8.6.tgz' } ]
47 info install ios-deploy@1.8.6 into /usr/local/lib
48 info installOne ios-deploy@1.8.6
49 verbose installOne of ios-deploy to /usr/local/lib not in flight; installing
50 verbose lock using /Users/rebeccacaudle1/.npm/_locks/ios-deploy-198957223cd98201.lock for /usr/local/lib/node_modules/ios-deploy
51 silly install write writing ios-deploy 1.8.6 to /usr/local/lib/node_modules/ios-deploy
52 verbose unbuild lib/node_modules/ios-deploy
53 silly gentlyRm /usr/local/lib/node_modules/ios-deploy is being purged from base /usr/local
54 verbose gentlyRm don't care about contents; nuking /usr/local/lib/node_modules/ios-deploy
55 verbose tar unpack /Users/rebeccacaudle1/.npm/ios-deploy/1.8.6/package.tgz
56 verbose tar unpacking to /usr/local/lib/node_modules/ios-deploy
57 silly gentlyRm /usr/local/lib/node_modules/ios-deploy is being purged
58 verbose gentlyRm don't care about contents; nuking /usr/local/lib/node_modules/ios-deploy
59 silly gunzTarPerm modes [ '755', '644' ]
60 silly gunzTarPerm extractEntry package.json
61 silly gunzTarPerm extractEntry .npmignore
62 silly gunzTarPerm extractEntry README.md
63 silly gunzTarPerm extractEntry LICENSE
64 silly gunzTarPerm extractEntry CONTRIBUTING.md
65 silly gunzTarPerm extractEntry demo/.npmignore
66 silly gunzTarPerm extractEntry demo/Entitlements.plist
67 silly gunzTarPerm extractEntry demo/Info.plist
68 silly gunzTarPerm extractEntry demo/Makefile
69 silly gunzTarPerm extractEntry demo/ResourceRules.plist
70 silly gunzTarPerm extractEntry demo/demo.c
71 silly gunzTarPerm extractEntry ios-deploy.xcodeproj/project.pbxproj
72 silly gunzTarPerm extractEntry ios-deploy.xcodeproj/project.xcworkspace/xcuserdata/shaz.xcuserdatad/UserInterfaceState.xcuserstate
73 silly gunzTarPerm extractEntry ios-deploy.xcodeproj/xcshareddata/xcschemes/ios-deploy-tests.xcscheme
74 silly gunzTarPerm extractEntry ios-deploy.xcodeproj/xcuserdata/shaz.xcuserdatad/xcschemes/ios-deploy-lib.xcscheme
75 silly gunzTarPerm extractEntry ios-deploy.xcodeproj/xcuserdata/shaz.xcuserdatad/xcschemes/ios-deploy.xcscheme
76 silly gunzTarPerm extractEntry ios-deploy.xcodeproj/xcuserdata/shaz.xcuserdatad/xcschemes/xcschememanagement.plist
77 silly gunzTarPerm extractEntry src/ios-deploy/MobileDevice.h
78 silly gunzTarPerm extractEntry src/ios-deploy/errors.h
79 silly gunzTarPerm extractEntry src/ios-deploy/ios-deploy.m
80 silly gunzTarPerm extractEntry src/ios-deploy/version.h
81 silly gunzTarPerm extractEntry src/ios-deploy-lib/libios_deploy.h
82 silly gunzTarPerm extractEntry src/ios-deploy-lib/libios_deploy.m
83 silly gunzTarPerm extractEntry src/ios-deploy-tests/Info.plist
84 silly gunzTarPerm extractEntry src/ios-deploy-tests/ios_deploy_tests.m
85 silly gunzTarPerm extractEntry src/scripts/check_reqs.js
86 silly gunzTarPerm extractEntry src/scripts/lldb.py
87 verbose write writing to /usr/local/lib/node_modules/ios-deploy/package.json
88 info preinstall ios-deploy@1.8.6
89 verbose unsafe-perm in lifecycle true
90 info ios-deploy@1.8.6 Failed to exec preinstall script
91 verbose unlock done using /Users/rebeccacaudle1/.npm/_locks/ios-deploy-198957223cd98201.lock for /usr/local/lib/node_modules/ios-deploy
92 verbose stack Error: ios-deploy@1.8.6 preinstall: `./src/scripts/check_reqs.js && xcodebuild`
92 verbose stack Exit status 1
92 verbose stack     at EventEmitter.<anonymous> (/usr/local/lib/node_modules/npm/lib/utils/lifecycle.js:214:16)
92 verbose stack     at emitTwo (events.js:100:13)
92 verbose stack     at EventEmitter.emit (events.js:185:7)
92 verbose stack     at ChildProcess.<anonymous> (/usr/local/lib/node_modules/npm/lib/utils/spawn.js:24:14)
92 verbose stack     at emitTwo (events.js:100:13)
92 verbose stack     at ChildProcess.emit (events.js:185:7)
92 verbose stack     at maybeClose (internal/child_process.js:850:16)
92 verbose stack     at Process.ChildProcess._handle.onexit (internal/child_process.js:215:5)
93 verbose pkgid ios-deploy@1.8.6
94 verbose cwd /Users/rebeccacaudle1/Desktop/AngularWeather
95 error Darwin 14.1.0
96 error argv "/usr/local/bin/node" "/usr/local/bin/npm" "install" "-g" "ios-deploy"
97 error node v5.10.1
98 error npm  v2.14.7
99 error code ELIFECYCLE
100 error ios-deploy@1.8.6 preinstall: `./src/scripts/check_reqs.js && xcodebuild`
100 error Exit status 1
101 error Failed at the ios-deploy@1.8.6 preinstall script './src/scripts/check_reqs.js && xcodebuild'.
101 error This is most likely a problem with the ios-deploy package,
101 error not with npm itself.
101 error Tell the author that this fails on your system:
101 error     ./src/scripts/check_reqs.js && xcodebuild
101 error You can get their info via:
101 error     npm owner ls ios-deploy
101 error There is likely additional logging output above.
102 verbose exit [ 1, true ]
103 verbose unbuild lib/node_modules/ios-deploy
104 info preuninstall ios-deploy@1.8.6
105 info uninstall ios-deploy@1.8.6
106 verbose unbuild rmStuff ios-deploy@1.8.6 from /usr/local/lib/node_modules
107 silly gentlyRm /usr/local/bin/ios-deploy is being gently removed
108 silly gentlyRm verifying /usr/local is an npm working directory
109 silly gentlyRm containing path /usr/local is under npm's control, in /usr/local
110 silly gentlyRm deletion target /usr/local/bin/ios-deploy is under /usr/local
111 verbose gentlyRm vacuuming from /usr/local/bin/ios-deploy up to /usr/local
112 info postuninstall ios-deploy@1.8.6
113 silly gentlyRm /usr/local/lib/node_modules/ios-deploy is being purged from base /usr/local
114 verbose gentlyRm don't care about contents; nuking /usr/local/lib/node_modules/ios-deploy
115 silly vacuum-fs purging /usr/local/lib/node_modules/ios-deploy
116 silly vacuum-fs quitting because other entries in /usr/local/lib/node_modules
